{"D:\\8_repo\\_temp\\redux\\Source Code\\redux-starter\\src\\store\\api.js": {"path":"D:\\8_repo\\_temp\\redux\\Source Code\\redux-starter\\src\\store\\api.js","statementMap":{"0":{"start":{"line":3,"column":28},"end":{"line":3,"column":56}},"1":{"start":{"line":4,"column":30},"end":{"line":4,"column":60}},"2":{"start":{"line":5,"column":29},"end":{"line":5,"column":58}}},"fnMap":{},"branchMap":{},"s":{"0":1,"1":1,"2":1},"f":{},"b":{},"_coverageSchema":"1a1c01bbd47fc00a2c39e90264f33305004495a9","hash":"934f2ffec1873c7f908760b518bdabef186dab30"}
,"D:\\8_repo\\_temp\\redux\\Source Code\\redux-starter\\src\\store\\bugs.js": {"path":"D:\\8_repo\\_temp\\redux\\Source Code\\redux-starter\\src\\store\\bugs.js","statementMap":{"0":{"start":{"line":7,"column":13},"end":{"line":7,"column":14}},"1":{"start":{"line":9,"column":14},"end":{"line":50,"column":2}},"2":{"start":{"line":18,"column":38},"end":{"line":18,"column":52}},"3":{"start":{"line":19,"column":26},"end":{"line":19,"column":72}},"4":{"start":{"line":19,"column":55},"end":{"line":19,"column":71}},"5":{"start":{"line":20,"column":12},"end":{"line":20,"column":45}},"6":{"start":{"line":23,"column":12},"end":{"line":23,"column":43}},"7":{"start":{"line":31,"column":26},"end":{"line":33,"column":13}},"8":{"start":{"line":32,"column":25},"end":{"line":32,"column":53}},"9":{"start":{"line":34,"column":12},"end":{"line":34,"column":64}},"10":{"start":{"line":35,"column":12},"end":{"line":35,"column":60}},"11":{"start":{"line":39,"column":12},"end":{"line":39,"column":32}},"12":{"start":{"line":42,"column":12},"end":{"line":42,"column":39}},"13":{"start":{"line":43,"column":12},"end":{"line":43,"column":33}},"14":{"start":{"line":44,"column":12},"end":{"line":44,"column":42}},"15":{"start":{"line":47,"column":12},"end":{"line":47,"column":33}},"16":{"start":{"line":59,"column":4},"end":{"line":59,"column":17}},"17":{"start":{"line":69,"column":24},"end":{"line":82,"column":1}},"18":{"start":{"line":69,"column":30},"end":{"line":82,"column":1}},"19":{"start":{"line":70,"column":28},"end":{"line":70,"column":52}},"20":{"start":{"line":71,"column":25},"end":{"line":71,"column":70}},"21":{"start":{"line":72,"column":4},"end":{"line":72,"column":34}},"22":{"start":{"line":72,"column":27},"end":{"line":72,"column":34}},"23":{"start":{"line":74,"column":4},"end":{"line":81,"column":6}},"24":{"start":{"line":84,"column":22},"end":{"line":90,"column":6}},"25":{"start":{"line":85,"column":4},"end":{"line":90,"column":6}},"26":{"start":{"line":92,"column":26},"end":{"line":98,"column":6}},"27":{"start":{"line":93,"column":4},"end":{"line":98,"column":6}},"28":{"start":{"line":103,"column":33},"end":{"line":107,"column":1}},"29":{"start":{"line":104,"column":15},"end":{"line":104,"column":34}},"30":{"start":{"line":105,"column":15},"end":{"line":105,"column":38}},"31":{"start":{"line":106,"column":24},"end":{"line":106,"column":59}},"32":{"start":{"line":106,"column":45},"end":{"line":106,"column":58}},"33":{"start":{"line":109,"column":29},"end":{"line":113,"column":5}},"34":{"start":{"line":110,"column":4},"end":{"line":113,"column":5}},"35":{"start":{"line":111,"column":19},"end":{"line":111,"column":38}},"36":{"start":{"line":112,"column":18},"end":{"line":112,"column":61}},"37":{"start":{"line":112,"column":39},"end":{"line":112,"column":60}}},"fnMap":{"0":{"name":"(anonymous_0)","decl":{"start":{"line":17,"column":25},"end":{"line":17,"column":26}},"loc":{"start":{"line":17,"column":43},"end":{"line":21,"column":9}},"line":17},"1":{"name":"(anonymous_1)","decl":{"start":{"line":19,"column":46},"end":{"line":19,"column":47}},"loc":{"start":{"line":19,"column":55},"end":{"line":19,"column":71}},"line":19},"2":{"name":"(anonymous_2)","decl":{"start":{"line":22,"column":18},"end":{"line":22,"column":19}},"loc":{"start":{"line":22,"column":36},"end":{"line":29,"column":9}},"line":22},"3":{"name":"(anonymous_3)","decl":{"start":{"line":30,"column":21},"end":{"line":30,"column":22}},"loc":{"start":{"line":30,"column":39},"end":{"line":36,"column":9}},"line":30},"4":{"name":"(anonymous_4)","decl":{"start":{"line":32,"column":16},"end":{"line":32,"column":17}},"loc":{"start":{"line":32,"column":25},"end":{"line":32,"column":53}},"line":32},"5":{"name":"(anonymous_5)","decl":{"start":{"line":38,"column":22},"end":{"line":38,"column":23}},"loc":{"start":{"line":38,"column":40},"end":{"line":40,"column":9}},"line":38},"6":{"name":"(anonymous_6)","decl":{"start":{"line":41,"column":21},"end":{"line":41,"column":22}},"loc":{"start":{"line":41,"column":39},"end":{"line":45,"column":9}},"line":41},"7":{"name":"(anonymous_7)","decl":{"start":{"line":46,"column":28},"end":{"line":46,"column":29}},"loc":{"start":{"line":46,"column":46},"end":{"line":48,"column":9}},"line":46},"8":{"name":"(anonymous_8)","decl":{"start":{"line":69,"column":24},"end":{"line":69,"column":25}},"loc":{"start":{"line":69,"column":30},"end":{"line":82,"column":1}},"line":69},"9":{"name":"(anonymous_9)","decl":{"start":{"line":69,"column":30},"end":{"line":69,"column":31}},"loc":{"start":{"line":69,"column":54},"end":{"line":82,"column":1}},"line":69},"10":{"name":"(anonymous_10)","decl":{"start":{"line":84,"column":22},"end":{"line":84,"column":23}},"loc":{"start":{"line":85,"column":4},"end":{"line":90,"column":6}},"line":85},"11":{"name":"(anonymous_11)","decl":{"start":{"line":92,"column":26},"end":{"line":92,"column":27}},"loc":{"start":{"line":93,"column":4},"end":{"line":98,"column":6}},"line":93},"12":{"name":"(anonymous_12)","decl":{"start":{"line":104,"column":4},"end":{"line":104,"column":5}},"loc":{"start":{"line":104,"column":15},"end":{"line":104,"column":34}},"line":104},"13":{"name":"(anonymous_13)","decl":{"start":{"line":105,"column":4},"end":{"line":105,"column":5}},"loc":{"start":{"line":105,"column":15},"end":{"line":105,"column":38}},"line":105},"14":{"name":"(anonymous_14)","decl":{"start":{"line":106,"column":4},"end":{"line":106,"column":5}},"loc":{"start":{"line":106,"column":24},"end":{"line":106,"column":59}},"line":106},"15":{"name":"(anonymous_15)","decl":{"start":{"line":106,"column":36},"end":{"line":106,"column":37}},"loc":{"start":{"line":106,"column":45},"end":{"line":106,"column":58}},"line":106},"16":{"name":"(anonymous_16)","decl":{"start":{"line":109,"column":29},"end":{"line":109,"column":30}},"loc":{"start":{"line":110,"column":4},"end":{"line":113,"column":5}},"line":110},"17":{"name":"(anonymous_17)","decl":{"start":{"line":111,"column":8},"end":{"line":111,"column":9}},"loc":{"start":{"line":111,"column":19},"end":{"line":111,"column":38}},"line":111},"18":{"name":"(anonymous_18)","decl":{"start":{"line":112,"column":8},"end":{"line":112,"column":9}},"loc":{"start":{"line":112,"column":18},"end":{"line":112,"column":61}},"line":112},"19":{"name":"(anonymous_19)","decl":{"start":{"line":112,"column":30},"end":{"line":112,"column":31}},"loc":{"start":{"line":112,"column":39},"end":{"line":112,"column":60}},"line":112}},"branchMap":{"0":{"loc":{"start":{"line":72,"column":4},"end":{"line":72,"column":34}},"type":"if","locations":[{"start":{"line":72,"column":4},"end":{"line":72,"column":34}},{"start":{},"end":{}}],"line":72}},"s":{"0":1,"1":1,"2":0,"3":0,"4":0,"5":0,"6":1,"7":0,"8":0,"9":0,"10":0,"11":0,"12":0,"13":0,"14":0,"15":0,"16":1,"17":1,"18":0,"19":0,"20":0,"21":0,"22":0,"23":0,"24":1,"25":2,"26":1,"27":0,"28":1,"29":0,"30":0,"31":0,"32":0,"33":1,"34":0,"35":0,"36":0,"37":0},"f":{"0":0,"1":0,"2":1,"3":0,"4":0,"5":0,"6":0,"7":0,"8":0,"9":0,"10":2,"11":0,"12":0,"13":0,"14":0,"15":0,"16":0,"17":0,"18":0,"19":0},"b":{"0":[0,0]},"_coverageSchema":"1a1c01bbd47fc00a2c39e90264f33305004495a9","hash":"5bbc5e6e52e5139bef5900961f8f3edab5deed85"}
,"D:\\8_repo\\_temp\\redux\\Source Code\\redux-starter\\src\\store\\configureStore.js": {"path":"D:\\8_repo\\_temp\\redux\\Source Code\\redux-starter\\src\\store\\configureStore.js","statementMap":{"0":{"start":{"line":12,"column":4},"end":{"line":15,"column":7}}},"fnMap":{"0":{"name":"(anonymous_0)","decl":{"start":{"line":10,"column":15},"end":{"line":10,"column":16}},"loc":{"start":{"line":10,"column":27},"end":{"line":16,"column":1}},"line":10}},"branchMap":{},"s":{"0":1},"f":{"0":1},"b":{},"_coverageSchema":"1a1c01bbd47fc00a2c39e90264f33305004495a9","hash":"8f6a9ca23e77d6b384c90cf76d7852396142cc49"}
,"D:\\8_repo\\_temp\\redux\\Source Code\\redux-starter\\src\\store\\entities.js": {"path":"D:\\8_repo\\_temp\\redux\\Source Code\\redux-starter\\src\\store\\entities.js","statementMap":{},"fnMap":{},"branchMap":{},"s":{},"f":{},"b":{},"_coverageSchema":"1a1c01bbd47fc00a2c39e90264f33305004495a9","hash":"19d2879a8f7cba484ba97d0407f491126a3167fc"}
,"D:\\8_repo\\_temp\\redux\\Source Code\\redux-starter\\src\\store\\projects.js": {"path":"D:\\8_repo\\_temp\\redux\\Source Code\\redux-starter\\src\\store\\projects.js","statementMap":{"0":{"start":{"line":3,"column":13},"end":{"line":3,"column":14}},"1":{"start":{"line":5,"column":14},"end":{"line":16,"column":2}},"2":{"start":{"line":10,"column":12},"end":{"line":13,"column":15}},"3":{"start":{"line":18,"column":28},"end":{"line":18,"column":41}}},"fnMap":{"0":{"name":"(anonymous_0)","decl":{"start":{"line":9,"column":18},"end":{"line":9,"column":19}},"loc":{"start":{"line":9,"column":35},"end":{"line":14,"column":9}},"line":9}},"branchMap":{},"s":{"0":1,"1":1,"2":0,"3":1},"f":{"0":0},"b":{},"_coverageSchema":"1a1c01bbd47fc00a2c39e90264f33305004495a9","hash":"61a4f53412516ef7e599071f84e5194992490e51"}
,"D:\\8_repo\\_temp\\redux\\Source Code\\redux-starter\\src\\store\\reducers.js": {"path":"D:\\8_repo\\_temp\\redux\\Source Code\\redux-starter\\src\\store\\reducers.js","statementMap":{},"fnMap":{},"branchMap":{},"s":{},"f":{},"b":{},"_coverageSchema":"1a1c01bbd47fc00a2c39e90264f33305004495a9","hash":"78139155577c66043b9dbc0732ea84439d3c3a21"}
,"D:\\8_repo\\_temp\\redux\\Source Code\\redux-starter\\src\\store\\users.js": {"path":"D:\\8_repo\\_temp\\redux\\Source Code\\redux-starter\\src\\store\\users.js","statementMap":{"0":{"start":{"line":3,"column":13},"end":{"line":3,"column":14}},"1":{"start":{"line":5,"column":14},"end":{"line":16,"column":2}},"2":{"start":{"line":10,"column":12},"end":{"line":13,"column":15}},"3":{"start":{"line":18,"column":29},"end":{"line":18,"column":42}}},"fnMap":{"0":{"name":"(anonymous_0)","decl":{"start":{"line":9,"column":19},"end":{"line":9,"column":20}},"loc":{"start":{"line":9,"column":38},"end":{"line":14,"column":9}},"line":9}},"branchMap":{},"s":{"0":1,"1":1,"2":0,"3":1},"f":{"0":0},"b":{},"_coverageSchema":"1a1c01bbd47fc00a2c39e90264f33305004495a9","hash":"ce6b2d2d0dcfc75c2c5cae2f14647c64e4664371"}
,"D:\\8_repo\\_temp\\redux\\Source Code\\redux-starter\\src\\store\\middleware\\api.js": {"path":"D:\\8_repo\\_temp\\redux\\Source Code\\redux-starter\\src\\store\\middleware\\api.js","statementMap":{"0":{"start":{"line":5,"column":4},"end":{"line":36,"column":5}},"1":{"start":{"line":6,"column":4},"end":{"line":36,"column":5}},"2":{"start":{"line":7,"column":4},"end":{"line":36,"column":5}},"3":{"start":{"line":8,"column":8},"end":{"line":8,"column":78}},"4":{"start":{"line":8,"column":58},"end":{"line":8,"column":78}},"5":{"start":{"line":11,"column":12},"end":{"line":11,"column":26}},"6":{"start":{"line":13,"column":8},"end":{"line":13,"column":49}},"7":{"start":{"line":13,"column":21},"end":{"line":13,"column":49}},"8":{"start":{"line":14,"column":8},"end":{"line":14,"column":21}},"9":{"start":{"line":16,"column":8},"end":{"line":35,"column":9}},"10":{"start":{"line":17,"column":29},"end":{"line":24,"column":14}},"11":{"start":{"line":26,"column":12},"end":{"line":26,"column":63}},"12":{"start":{"line":28,"column":12},"end":{"line":29,"column":70}},"13":{"start":{"line":29,"column":16},"end":{"line":29,"column":70}},"14":{"start":{"line":32,"column":12},"end":{"line":32,"column":59}},"15":{"start":{"line":34,"column":12},"end":{"line":34,"column":74}},"16":{"start":{"line":34,"column":25},"end":{"line":34,"column":74}}},"fnMap":{"0":{"name":"(anonymous_0)","decl":{"start":{"line":5,"column":4},"end":{"line":5,"column":5}},"loc":{"start":{"line":6,"column":4},"end":{"line":36,"column":5}},"line":6},"1":{"name":"(anonymous_1)","decl":{"start":{"line":6,"column":4},"end":{"line":6,"column":5}},"loc":{"start":{"line":7,"column":4},"end":{"line":36,"column":5}},"line":7},"2":{"name":"(anonymous_2)","decl":{"start":{"line":7,"column":4},"end":{"line":7,"column":5}},"loc":{"start":{"line":7,"column":22},"end":{"line":36,"column":5}},"line":7}},"branchMap":{"0":{"loc":{"start":{"line":8,"column":8},"end":{"line":8,"column":78}},"type":"if","locations":[{"start":{"line":8,"column":8},"end":{"line":8,"column":78}},{"start":{},"end":{}}],"line":8},"1":{"loc":{"start":{"line":13,"column":8},"end":{"line":13,"column":49}},"type":"if","locations":[{"start":{"line":13,"column":8},"end":{"line":13,"column":49}},{"start":{},"end":{}}],"line":13},"2":{"loc":{"start":{"line":28,"column":12},"end":{"line":29,"column":70}},"type":"if","locations":[{"start":{"line":28,"column":12},"end":{"line":29,"column":70}},{"start":{},"end":{}}],"line":28},"3":{"loc":{"start":{"line":34,"column":12},"end":{"line":34,"column":74}},"type":"if","locations":[{"start":{"line":34,"column":12},"end":{"line":34,"column":74}},{"start":{},"end":{}}],"line":34}},"s":{"0":1,"1":1,"2":1,"3":3,"4":2,"5":1,"6":1,"7":0,"8":1,"9":1,"10":1,"11":1,"12":1,"13":1,"14":0,"15":0,"16":0},"f":{"0":1,"1":1,"2":3},"b":{"0":[2,1],"1":[0,1],"2":[1,0],"3":[0,0]},"_coverageSchema":"1a1c01bbd47fc00a2c39e90264f33305004495a9","hash":"31a5ce7f909bf091e8b1540e3a46ef09f2641e3f"}
,"D:\\8_repo\\_temp\\redux\\Source Code\\redux-starter\\src\\store\\middleware\\toast.js": {"path":"D:\\8_repo\\_temp\\redux\\Source Code\\redux-starter\\src\\store\\middleware\\toast.js","statementMap":{"0":{"start":{"line":1,"column":14},"end":{"line":5,"column":1}},"1":{"start":{"line":1,"column":25},"end":{"line":5,"column":1}},"2":{"start":{"line":1,"column":35},"end":{"line":5,"column":1}},"3":{"start":{"line":2,"column":4},"end":{"line":2,"column":64}},"4":{"start":{"line":2,"column":33},"end":{"line":2,"column":64}},"5":{"start":{"line":4,"column":4},"end":{"line":4,"column":24}}},"fnMap":{"0":{"name":"(anonymous_0)","decl":{"start":{"line":1,"column":14},"end":{"line":1,"column":15}},"loc":{"start":{"line":1,"column":25},"end":{"line":5,"column":1}},"line":1},"1":{"name":"(anonymous_1)","decl":{"start":{"line":1,"column":25},"end":{"line":1,"column":26}},"loc":{"start":{"line":1,"column":35},"end":{"line":5,"column":1}},"line":1},"2":{"name":"(anonymous_2)","decl":{"start":{"line":1,"column":35},"end":{"line":1,"column":36}},"loc":{"start":{"line":1,"column":47},"end":{"line":5,"column":1}},"line":1}},"branchMap":{"0":{"loc":{"start":{"line":2,"column":4},"end":{"line":2,"column":64}},"type":"if","locations":[{"start":{"line":2,"column":4},"end":{"line":2,"column":64}},{"start":{},"end":{}}],"line":2}},"s":{"0":1,"1":0,"2":0,"3":0,"4":0,"5":0},"f":{"0":0,"1":0,"2":0},"b":{"0":[0,0]},"_coverageSchema":"1a1c01bbd47fc00a2c39e90264f33305004495a9","hash":"b50b5fa0b0f4e163d968d107d1367f59ce7bfeb4"}
}
