TN:
SF:src\store\api.js
FNF:0
FNH:0
DA:3,1
DA:4,1
DA:5,1
LF:3
LH:3
BRF:0
BRH:0
end_of_record
TN:
SF:src\store\bugs.js
FN:17,(anonymous_0)
FN:19,(anonymous_1)
FN:22,(anonymous_2)
FN:30,(anonymous_3)
FN:32,(anonymous_4)
FN:38,(anonymous_5)
FN:41,(anonymous_6)
FN:46,(anonymous_7)
FN:69,(anonymous_8)
FN:69,(anonymous_9)
FN:84,(anonymous_10)
FN:92,(anonymous_11)
FN:104,(anonymous_12)
FN:105,(anonymous_13)
FN:106,(anonymous_14)
FN:106,(anonymous_15)
FN:109,(anonymous_16)
FN:111,(anonymous_17)
FN:112,(anonymous_18)
FN:112,(anonymous_19)
FNF:20
FNH:2
FNDA:0,(anonymous_0)
FNDA:0,(anonymous_1)
FNDA:1,(anonymous_2)
FNDA:0,(anonymous_3)
FNDA:0,(anonymous_4)
FNDA:0,(anonymous_5)
FNDA:0,(anonymous_6)
FNDA:0,(anonymous_7)
FNDA:0,(anonymous_8)
FNDA:0,(anonymous_9)
FNDA:2,(anonymous_10)
FNDA:0,(anonymous_11)
FNDA:0,(anonymous_12)
FNDA:0,(anonymous_13)
FNDA:0,(anonymous_14)
FNDA:0,(anonymous_15)
FNDA:0,(anonymous_16)
FNDA:0,(anonymous_17)
FNDA:0,(anonymous_18)
FNDA:0,(anonymous_19)
DA:7,1
DA:9,1
DA:18,0
DA:19,0
DA:20,0
DA:23,1
DA:31,0
DA:32,0
DA:34,0
DA:35,0
DA:39,0
DA:42,0
DA:43,0
DA:44,0
DA:47,0
DA:59,1
DA:69,1
DA:70,0
DA:71,0
DA:72,0
DA:74,0
DA:84,1
DA:85,2
DA:92,1
DA:93,0
DA:103,1
DA:104,0
DA:105,0
DA:106,0
DA:109,1
DA:110,0
DA:111,0
DA:112,0
LF:33
LH:10
BRDA:72,0,0,0
BRDA:72,0,1,0
BRF:2
BRH:0
end_of_record
TN:
SF:src\store\configureStore.js
FN:10,(anonymous_0)
FNF:1
FNH:1
FNDA:1,(anonymous_0)
DA:12,1
LF:1
LH:1
BRF:0
BRH:0
end_of_record
TN:
SF:src\store\entities.js
FNF:0
FNH:0
LF:0
LH:0
BRF:0
BRH:0
end_of_record
TN:
SF:src\store\projects.js
FN:9,(anonymous_0)
FNF:1
FNH:0
FNDA:0,(anonymous_0)
DA:3,1
DA:5,1
DA:10,0
DA:18,1
LF:4
LH:3
BRF:0
BRH:0
end_of_record
TN:
SF:src\store\reducers.js
FNF:0
FNH:0
LF:0
LH:0
BRF:0
BRH:0
end_of_record
TN:
SF:src\store\users.js
FN:9,(anonymous_0)
FNF:1
FNH:0
FNDA:0,(anonymous_0)
DA:3,1
DA:5,1
DA:10,0
DA:18,1
LF:4
LH:3
BRF:0
BRH:0
end_of_record
TN:
SF:src\store\middleware\api.js
FN:5,(anonymous_0)
FN:6,(anonymous_1)
FN:7,(anonymous_2)
FNF:3
FNH:3
FNDA:1,(anonymous_0)
FNDA:1,(anonymous_1)
FNDA:3,(anonymous_2)
DA:5,1
DA:6,1
DA:7,1
DA:8,3
DA:11,1
DA:13,1
DA:14,1
DA:16,1
DA:17,1
DA:26,1
DA:28,1
DA:29,1
DA:32,0
DA:34,0
LF:14
LH:12
BRDA:8,0,0,2
BRDA:8,0,1,1
BRDA:13,1,0,0
BRDA:13,1,1,1
BRDA:28,2,0,1
BRDA:28,2,1,0
BRDA:34,3,0,0
BRDA:34,3,1,0
BRF:8
BRH:4
end_of_record
TN:
SF:src\store\middleware\toast.js
FN:1,(anonymous_0)
FN:1,(anonymous_1)
FN:1,(anonymous_2)
FNF:3
FNH:0
FNDA:0,(anonymous_0)
FNDA:0,(anonymous_1)
FNDA:0,(anonymous_2)
DA:1,1
DA:2,0
DA:4,0
LF:3
LH:1
BRDA:2,0,0,0
BRDA:2,0,1,0
BRF:2
BRH:0
end_of_record
